{"C:\\Users\\Leighton\\Documents\\devexe\\surrealdb.react\\lib\\context\\database.tsx": {"path":"C:\\Users\\Leighton\\Documents\\devexe\\surrealdb.react\\lib\\context\\database.tsx","statementMap":{"0":{"start":{"line":11,"column":13},"end":{"line":11,"column":27}},"1":{"start":{"line":31,"column":13},"end":{"line":31,"column":29}},"2":{"start":{"line":66,"column":13},"end":{"line":66,"column":23}},"3":{"start":{"line":1,"column":94},"end":{"line":1,"column":null}},"4":{"start":{"line":11,"column":30},"end":{"line":16,"column":2}},"5":{"start":{"line":29,"column":19},"end":{"line":29,"column":24}},"6":{"start":{"line":31,"column":32},"end":{"line":64,"column":1}},"7":{"start":{"line":32,"column":2},"end":{"line":32,"column":100}},"8":{"start":{"line":32,"column":17},"end":{"line":32,"column":100}},"9":{"start":{"line":34,"column":50},"end":{"line":34,"column":57}},"10":{"start":{"line":36,"column":32},"end":{"line":36,"column":47}},"11":{"start":{"line":37,"column":34},"end":{"line":37,"column":49}},"12":{"start":{"line":38,"column":42},"end":{"line":38,"column":54}},"13":{"start":{"line":40,"column":15},"end":{"line":49,"column":8}},"14":{"start":{"line":41,"column":4},"end":{"line":44,"column":7}},"15":{"start":{"line":46,"column":4},"end":{"line":46,"column":38}},"16":{"start":{"line":48,"column":4},"end":{"line":48,"column":21}},"17":{"start":{"line":51,"column":2},"end":{"line":59,"column":9}},"18":{"start":{"line":52,"column":4},"end":{"line":52,"column":29}},"19":{"start":{"line":52,"column":22},"end":{"line":52,"column":29}},"20":{"start":{"line":53,"column":4},"end":{"line":53,"column":24}},"21":{"start":{"line":55,"column":4},"end":{"line":58,"column":7}},"22":{"start":{"line":56,"column":6},"end":{"line":56,"column":24}},"23":{"start":{"line":57,"column":6},"end":{"line":57,"column":35}},"24":{"start":{"line":61,"column":2},"end":{"line":62,"column":null}},"25":{"start":{"line":66,"column":26},"end":{"line":69,"column":1}},"26":{"start":{"line":67,"column":56},"end":{"line":67,"column":82}},"27":{"start":{"line":68,"column":2},"end":{"line":68,"column":55}}},"fnMap":{"0":{"name":"(anonymous_1)","decl":{"start":{"line":11,"column":27},"end":{"line":11,"column":30}},"loc":{"start":{"line":11,"column":13},"end":{"line":11,"column":27}}},"1":{"name":"(anonymous_2)","decl":{"start":{"line":31,"column":29},"end":{"line":31,"column":32}},"loc":{"start":{"line":31,"column":13},"end":{"line":31,"column":29}}},"2":{"name":"(anonymous_3)","decl":{"start":{"line":66,"column":23},"end":{"line":66,"column":26}},"loc":{"start":{"line":66,"column":13},"end":{"line":66,"column":23}}},"3":{"name":"(anonymous_7)","decl":{"start":{"line":31,"column":32},"end":{"line":31,"column":33}},"loc":{"start":{"line":31,"column":91},"end":{"line":64,"column":1}}},"4":{"name":"(anonymous_8)","decl":{"start":{"line":40,"column":27},"end":{"line":40,"column":39}},"loc":{"start":{"line":40,"column":39},"end":{"line":49,"column":3}}},"5":{"name":"(anonymous_9)","decl":{"start":{"line":51,"column":12},"end":{"line":51,"column":18}},"loc":{"start":{"line":51,"column":18},"end":{"line":59,"column":3}}},"6":{"name":"(anonymous_10)","decl":{"start":{"line":55,"column":17},"end":{"line":55,"column":18}},"loc":{"start":{"line":55,"column":33},"end":{"line":58,"column":5}}},"7":{"name":"(anonymous_11)","decl":{"start":{"line":66,"column":26},"end":{"line":66,"column":52}},"loc":{"start":{"line":66,"column":52},"end":{"line":69,"column":1}}}},"branchMap":{"0":{"loc":{"start":{"line":32,"column":2},"end":{"line":32,"column":100}},"type":"if","locations":[{"start":{"line":32,"column":2},"end":{"line":32,"column":100}}]},"1":{"loc":{"start":{"line":52,"column":4},"end":{"line":52,"column":29}},"type":"if","locations":[{"start":{"line":52,"column":4},"end":{"line":52,"column":29}}]}},"s":{"0":7,"1":0,"2":0,"3":1,"4":1,"5":1,"6":1,"7":0,"8":0,"9":0,"10":0,"11":0,"12":0,"13":0,"14":0,"15":0,"16":0,"17":0,"18":0,"19":0,"20":0,"21":0,"22":0,"23":0,"24":0,"25":1,"26":0,"27":0},"f":{"0":7,"1":0,"2":0,"3":0,"4":0,"5":0,"6":0,"7":0},"b":{"0":[0],"1":[0]}}
,"C:\\Users\\Leighton\\Documents\\devexe\\surrealdb.react\\lib\\hooks\\useQuery.ts": {"path":"C:\\Users\\Leighton\\Documents\\devexe\\surrealdb.react\\lib\\hooks\\useQuery.ts","statementMap":{"0":{"start":{"line":19,"column":13},"end":{"line":19,"column":21}},"1":{"start":{"line":1,"column":61},"end":{"line":1,"column":null}},"2":{"start":{"line":2,"column":51},"end":{"line":2,"column":null}},"3":{"start":{"line":19,"column":24},"end":{"line":69,"column":1}},"4":{"start":{"line":20,"column":32},"end":{"line":20,"column":78}},"5":{"start":{"line":21,"column":26},"end":{"line":21,"column":49}},"6":{"start":{"line":22,"column":32},"end":{"line":22,"column":55}},"7":{"start":{"line":23,"column":28},"end":{"line":23,"column":67}},"8":{"start":{"line":24,"column":26},"end":{"line":24,"column":55}},"9":{"start":{"line":25,"column":30},"end":{"line":25,"column":88}},"10":{"start":{"line":27,"column":18},"end":{"line":59,"column":null}},"11":{"start":{"line":29,"column":6},"end":{"line":57,"column":7}},"12":{"start":{"line":30,"column":8},"end":{"line":30,"column":30}},"13":{"start":{"line":31,"column":26},"end":{"line":31,"column":108}},"14":{"start":{"line":38,"column":8},"end":{"line":53,"column":9}},"15":{"start":{"line":39,"column":10},"end":{"line":39,"column":36}},"16":{"start":{"line":41,"column":10},"end":{"line":52,"column":11}},"17":{"start":{"line":42,"column":12},"end":{"line":42,"column":40}},"18":{"start":{"line":43,"column":12},"end":{"line":43,"column":28}},"19":{"start":{"line":44,"column":12},"end":{"line":44,"column":30}},"20":{"start":{"line":45,"column":12},"end":{"line":45,"column":28}},"21":{"start":{"line":47,"column":12},"end":{"line":47,"column":38}},"22":{"start":{"line":48,"column":17},"end":{"line":52,"column":11}},"23":{"start":{"line":49,"column":12},"end":{"line":49,"column":29}},"24":{"start":{"line":50,"column":12},"end":{"line":50,"column":30}},"25":{"start":{"line":51,"column":12},"end":{"line":51,"column":41}},"26":{"start":{"line":55,"column":8},"end":{"line":55,"column":26}},"27":{"start":{"line":56,"column":8},"end":{"line":56,"column":43}},"28":{"start":{"line":62,"column":2},"end":{"line":66,"column":16}},"29":{"start":{"line":63,"column":4},"end":{"line":65,"column":5}},"30":{"start":{"line":64,"column":6},"end":{"line":64,"column":16}},"31":{"start":{"line":68,"column":2},"end":{"line":68,"column":57}}},"fnMap":{"0":{"name":"(anonymous_0)","decl":{"start":{"line":19,"column":13},"end":{"line":19,"column":21}},"loc":{"start":{"line":19,"column":13},"end":{"line":19,"column":21}}},"1":{"name":"(anonymous_1)","decl":{"start":{"line":19,"column":24},"end":{"line":19,"column":25}},"loc":{"start":{"line":19,"column":115},"end":{"line":69,"column":1}}},"2":{"name":"(anonymous_2)","decl":{"start":{"line":28,"column":4},"end":{"line":28,"column":11}},"loc":{"start":{"line":28,"column":38},"end":{"line":58,"column":5}}},"3":{"name":"(anonymous_3)","decl":{"start":{"line":62,"column":12},"end":{"line":62,"column":18}},"loc":{"start":{"line":62,"column":18},"end":{"line":66,"column":3}}}},"branchMap":{"0":{"loc":{"start":{"line":19,"column":40},"end":{"line":19,"column":55}},"type":"default-arg","locations":[{"start":{"line":19,"column":53},"end":{"line":19,"column":55}}]},"1":{"loc":{"start":{"line":19,"column":57},"end":{"line":19,"column":115}},"type":"default-arg","locations":[{"start":{"line":19,"column":80},"end":{"line":19,"column":115}}]},"2":{"loc":{"start":{"line":28,"column":11},"end":{"line":28,"column":33}},"type":"default-arg","locations":[{"start":{"line":28,"column":31},"end":{"line":28,"column":33}}]},"3":{"loc":{"start":{"line":29,"column":6},"end":{"line":57,"column":7}},"type":"if","locations":[{"start":{"line":29,"column":6},"end":{"line":57,"column":7}},{"start":{"line":54,"column":13},"end":{"line":57,"column":7}}]},"4":{"loc":{"start":{"line":31,"column":55},"end":{"line":31,"column":107}},"type":"cond-expr","locations":[{"start":{"line":31,"column":89},"end":{"line":31,"column":100}},{"start":{"line":31,"column":103},"end":{"line":31,"column":107}}]},"5":{"loc":{"start":{"line":38,"column":8},"end":{"line":53,"column":9}},"type":"if","locations":[{"start":{"line":38,"column":8},"end":{"line":53,"column":9}}]},"6":{"loc":{"start":{"line":41,"column":10},"end":{"line":52,"column":11}},"type":"if","locations":[{"start":{"line":41,"column":10},"end":{"line":52,"column":11}},{"start":{"line":48,"column":17},"end":{"line":52,"column":11}}]},"7":{"loc":{"start":{"line":48,"column":17},"end":{"line":52,"column":11}},"type":"if","locations":[{"start":{"line":48,"column":17},"end":{"line":52,"column":11}}]},"8":{"loc":{"start":{"line":48,"column":21},"end":{"line":48,"column":71}},"type":"binary-expr","locations":[{"start":{"line":48,"column":21},"end":{"line":48,"column":49}},{"start":{"line":48,"column":53},"end":{"line":48,"column":71}}]},"9":{"loc":{"start":{"line":63,"column":4},"end":{"line":65,"column":5}},"type":"if","locations":[{"start":{"line":63,"column":4},"end":{"line":65,"column":5}}]},"10":{"loc":{"start":{"line":63,"column":8},"end":{"line":63,"column":70}},"type":"binary-expr","locations":[{"start":{"line":63,"column":8},"end":{"line":63,"column":15}},{"start":{"line":63,"column":19},"end":{"line":63,"column":39}},{"start":{"line":63,"column":43},"end":{"line":63,"column":70}}]}},"s":{"0":7,"1":1,"2":1,"3":1,"4":7,"5":7,"6":7,"7":7,"8":7,"9":7,"10":7,"11":1,"12":1,"13":1,"14":1,"15":1,"16":1,"17":1,"18":1,"19":1,"20":1,"21":1,"22":0,"23":0,"24":0,"25":0,"26":0,"27":0,"28":7,"29":1,"30":1,"31":7},"f":{"0":7,"1":7,"2":1,"3":1},"b":{"0":[7],"1":[7],"2":[1],"3":[1,0],"4":[0,1],"5":[1],"6":[1,0],"7":[0],"8":[0,0],"9":[1],"10":[1,1,1]}}
}
