TN:
SF:lib\context\database.tsx
FN:11,(anonymous_1)
FN:31,(anonymous_2)
FN:66,(anonymous_3)
FN:31,(anonymous_7)
FN:40,(anonymous_8)
FN:51,(anonymous_9)
FN:55,(anonymous_10)
FN:66,(anonymous_11)
FNF:8
FNH:1
FNDA:7,(anonymous_1)
FNDA:0,(anonymous_2)
FNDA:0,(anonymous_3)
FNDA:0,(anonymous_7)
FNDA:0,(anonymous_8)
FNDA:0,(anonymous_9)
FNDA:0,(anonymous_10)
FNDA:0,(anonymous_11)
DA:1,1
DA:11,7
DA:29,1
DA:31,1
DA:32,0
DA:34,0
DA:36,0
DA:37,0
DA:38,0
DA:40,0
DA:41,0
DA:46,0
DA:48,0
DA:51,0
DA:52,0
DA:53,0
DA:55,0
DA:56,0
DA:57,0
DA:61,0
DA:66,1
DA:67,0
DA:68,0
LF:23
LH:5
BRDA:32,0,0,0
BRDA:52,1,0,0
BRF:2
BRH:0
end_of_record
TN:
SF:lib\hooks\useQuery.ts
FN:19,(anonymous_0)
FN:19,(anonymous_1)
FN:28,(anonymous_2)
FN:62,(anonymous_3)
FNF:4
FNH:4
FNDA:7,(anonymous_0)
FNDA:7,(anonymous_1)
FNDA:1,(anonymous_2)
FNDA:1,(anonymous_3)
DA:1,1
DA:2,1
DA:19,7
DA:20,7
DA:21,7
DA:22,7
DA:23,7
DA:24,7
DA:25,7
DA:27,7
DA:29,1
DA:30,1
DA:31,1
DA:38,1
DA:39,1
DA:41,1
DA:42,1
DA:43,1
DA:44,1
DA:45,1
DA:47,1
DA:48,0
DA:49,0
DA:50,0
DA:51,0
DA:55,0
DA:56,0
DA:62,7
DA:63,1
DA:64,1
DA:68,7
LF:31
LH:25
BRDA:19,0,0,7
BRDA:19,1,0,7
BRDA:28,2,0,1
BRDA:29,3,0,1
BRDA:29,3,1,0
BRDA:31,4,0,0
BRDA:31,4,1,1
BRDA:38,5,0,1
BRDA:41,6,0,1
BRDA:41,6,1,0
BRDA:48,7,0,0
BRDA:48,8,0,0
BRDA:48,8,1,0
BRDA:63,9,0,1
BRDA:63,10,0,1
BRDA:63,10,1,1
BRDA:63,10,2,1
BRF:17
BRH:11
end_of_record
